<?xml version="1.0" encoding="UTF-8"?>
<!-- Generated by org.testng.reporters.JUnitReportReporter -->
<testsuite hostname="harisha" name="com.apple.carnival.api.request.AllApplicationTests" tests="2" failures="0" timestamp="18 Feb 2015 22:08:41 GMT" time="0.985" errors="0">
  <testcase name="testGetAllApplsPlainText" time="0.335" classname="com.apple.carnival.api.request.AllApplicationTests"/>
  <testcase name="testGetAllApplsAsXml" time="0.650" classname="com.apple.carnival.api.request.AllApplicationTests"/>
</testsuite> <!-- com.apple.carnival.api.request.AllApplicationTests -->
