<?xml version="1.0" encoding="UTF-8"?>
<!-- Generated by org.testng.reporters.JUnitReportReporter -->
<testsuite hostname="harisha" name="com.apple.carnival.filer.tests.FilerInstallNegativeTests" tests="2" failures="0" timestamp="6 Mar 2015 09:20:33 GMT" time="0.369" errors="0">
  <testcase name="init" time="0.004" classname="com.apple.carnival.filer.tests.FilerInstallNegativeTests"/>
  <testcase name="installPackage" time="0.365" classname="com.apple.carnival.filer.tests.FilerInstallNegativeTests"/>
</testsuite> <!-- com.apple.carnival.filer.tests.FilerInstallNegativeTests -->
