<?xml version="1.0" encoding="UTF-8"?>
<!-- Generated by org.testng.reporters.JUnitReportReporter -->
<testsuite hostname="harisha" name="com.apple.carnival.ui.localinstall.LocalInstallBuildUsingForceInstallOptionWhenPackageIsAvailableTests" tests="19" failures="0" timestamp="27 Mar 2015 19:11:29 GMT" time="2134.703" errors="0">
  <testcase name="validateFileSystemOnWD40HostToCheckCorruptFileDoesNotExists" time="2.224" classname="com.apple.carnival.ui.localinstall.LocalInstallBuildUsingForceInstallOptionWhenPackageIsAvailableTests"/>
  <testcase name="validateTaskDetailsLogsAfterUinstall" time="2.242" classname="com.apple.carnival.ui.localinstall.LocalInstallBuildUsingForceInstallOptionWhenPackageIsAvailableTests"/>
  <testcase name="validateEnvironmentInfoPageToCheckPackageIsNotCurrent" time="18.330" classname="com.apple.carnival.ui.localinstall.LocalInstallBuildUsingForceInstallOptionWhenPackageIsAvailableTests"/>
  <testcase name="validateFileSystemOnWD40Host1ToCheckSerFileDoesNotExists" time="2.184" classname="com.apple.carnival.ui.localinstall.LocalInstallBuildUsingForceInstallOptionWhenPackageIsAvailableTests"/>
  <testcase name="validateEnvironmentInfoPageToCheckPackageIsCurrentAfterReinstall" time="955.308" classname="com.apple.carnival.ui.localinstall.LocalInstallBuildUsingForceInstallOptionWhenPackageIsAvailableTests"/>
  <testcase name="init" time="0.003" classname="com.apple.carnival.ui.localinstall.LocalInstallBuildUsingForceInstallOptionWhenPackageIsAvailableTests"/>
  <testcase name="validateFileSystemOnWD40Host2ToCheckSerFileDoesNotExists" time="2.331" classname="com.apple.carnival.ui.localinstall.LocalInstallBuildUsingForceInstallOptionWhenPackageIsAvailableTests"/>
  <testcase name="installPackageUsingValidPackageName" time="35.535" classname="com.apple.carnival.ui.localinstall.LocalInstallBuildUsingForceInstallOptionWhenPackageIsAvailableTests"/>
  <testcase name="validateEnvironmentInfoPageToCheckPackageIsCurrent" time="955.365" classname="com.apple.carnival.ui.localinstall.LocalInstallBuildUsingForceInstallOptionWhenPackageIsAvailableTests"/>
  <testcase name="validateFileSystemOnWD40Host2ToCheckSerFileExists" time="2.221" classname="com.apple.carnival.ui.localinstall.LocalInstallBuildUsingForceInstallOptionWhenPackageIsAvailableTests"/>
  <testcase name="validateTaskDetailsPageAfterUninstall" time="37.225" classname="com.apple.carnival.ui.localinstall.LocalInstallBuildUsingForceInstallOptionWhenPackageIsAvailableTests"/>
  <testcase name="validateFileSystemOnWD40Host1ToCheckSerFileExists" time="2.510" classname="com.apple.carnival.ui.localinstall.LocalInstallBuildUsingForceInstallOptionWhenPackageIsAvailableTests"/>
  <testcase name="reinstallExistingPackageUsingForceOption" time="35.456" classname="com.apple.carnival.ui.localinstall.LocalInstallBuildUsingForceInstallOptionWhenPackageIsAvailableTests"/>
  <testcase name="validateFileSystemOnCarnivalHostToCheckCorruptFileDoesNotExists" time="2.189" classname="com.apple.carnival.ui.localinstall.LocalInstallBuildUsingForceInstallOptionWhenPackageIsAvailableTests"/>
  <testcase name="validateFileSystemOnCarnivalHostToCheckSerFileExists" time="2.230" classname="com.apple.carnival.ui.localinstall.LocalInstallBuildUsingForceInstallOptionWhenPackageIsAvailableTests"/>
  <testcase name="validateTaskDetailsPageAfterReinstall" time="37.249" classname="com.apple.carnival.ui.localinstall.LocalInstallBuildUsingForceInstallOptionWhenPackageIsAvailableTests"/>
  <testcase name="validateFileSystemOnCarnivalHostToCheckSerFileDoesNotExists" time="2.347" classname="com.apple.carnival.ui.localinstall.LocalInstallBuildUsingForceInstallOptionWhenPackageIsAvailableTests"/>
  <testcase name="uninstallPackageFromCarnivalHostWhileItsCurrent" time="37.511" classname="com.apple.carnival.ui.localinstall.LocalInstallBuildUsingForceInstallOptionWhenPackageIsAvailableTests"/>
  <testcase name="validateTaskDetailsLogsAfterReinstall" time="2.243" classname="com.apple.carnival.ui.localinstall.LocalInstallBuildUsingForceInstallOptionWhenPackageIsAvailableTests"/>
</testsuite> <!-- com.apple.carnival.ui.localinstall.LocalInstallBuildUsingForceInstallOptionWhenPackageIsAvailableTests -->
