<?xml version="1.0" encoding="UTF-8"?>
<!-- Generated by org.testng.reporters.JUnitReportReporter -->
<testsuite hostname="harisha" name="com.apple.carnival.api.request.ApplicationInstancesTests" tests="3" failures="0" timestamp="18 Feb 2015 22:14:21 GMT" time="1.255" errors="0">
  <testcase name="testGetInstancesForOpenMQISAppJson" time="0.616" classname="com.apple.carnival.api.request.ApplicationInstancesTests"/>
  <testcase name="testGetInstancesForOpenMQISAppJson" time="0.311" classname="com.apple.carnival.api.request.ApplicationInstancesTests"/>
  <testcase name="testGetInstancesForOpenMQISAppJson" time="0.328" classname="com.apple.carnival.api.request.ApplicationInstancesTests"/>
</testsuite> <!-- com.apple.carnival.api.request.ApplicationInstancesTests -->
