<?xml version="1.0" encoding="UTF-8"?>
<!-- Generated by org.testng.reporters.JUnitReportReporter -->
<testsuite hostname="harisha" name="com.apple.carnival.api.request.WD40HostClownBuildRequestTests" tests="8" failures="0" timestamp="18 Feb 2015 08:21:21 GMT" time="122.600" errors="0">
  <testcase name="carnivalUICheckClownPackageExistsOnWD40Host" time="33.239" classname="com.apple.carnival.api.request.WD40HostClownBuildRequestTests"/>
  <testcase name="sshCheckClownPackageExistsOnWD40Host" time="5.519" classname="com.apple.carnival.api.request.WD40HostClownBuildRequestTests"/>
  <testcase name="uninstallClownPackageUsingCreateRequestWorkFlowWithForce" time="38.266" classname="com.apple.carnival.api.request.WD40HostClownBuildRequestTests"/>
  <testcase name="init" time="0.000" classname="com.apple.carnival.api.request.WD40HostClownBuildRequestTests"/>
  <testcase name="createAndScheduleRequestTest" time="7.136" classname="com.apple.carnival.api.request.WD40HostClownBuildRequestTests"/>
  <testcase name="sshCheckClownPackageDoesNotExistsOnWD40Host" time="20.301" classname="com.apple.carnival.api.request.WD40HostClownBuildRequestTests"/>
  <testcase name="carnivalUICheckClownPackageDoesNotExistsOnWD40Host" time="10.740" classname="com.apple.carnival.api.request.WD40HostClownBuildRequestTests"/>
  <testcase name="createAndScheduleRequestTest" time="7.399" classname="com.apple.carnival.api.request.WD40HostClownBuildRequestTests"/>
</testsuite> <!-- com.apple.carnival.api.request.WD40HostClownBuildRequestTests -->
