<?xml version="1.0" encoding="UTF-8"?>
<!-- Generated by org.testng.reporters.JUnitReportReporter -->
<testsuite hostname="harisha" name="com.apple.carnival.api.request.AllHostsTests" tests="1" failures="0" timestamp="18 Feb 2015 22:08:52 GMT" time="0.635" errors="0">
  <testcase name="testGetAllHostsPlainText" time="0.635" classname="com.apple.carnival.api.request.AllHostsTests"/>
</testsuite> <!-- com.apple.carnival.api.request.AllHostsTests -->
