<?xml version="1.0" encoding="UTF-8"?>
<!-- Generated by org.testng.reporters.JUnitReportReporter -->
<testsuite hostname="harisha" name="com.apple.carnival.ui.localinstall.LocalInstallHotfixNegativeTests" tests="3" failures="0" timestamp="22 Mar 2015 22:03:41 GMT" time="22.008" errors="0">
  <testcase name="installPackageWithOutPackageName" time="10.947" classname="com.apple.carnival.ui.localinstall.LocalInstallHotfixNegativeTests"/>
  <testcase name="installPackageUsinInvalidPackageName" time="11.057" classname="com.apple.carnival.ui.localinstall.LocalInstallHotfixNegativeTests"/>
  <testcase name="init" time="0.004" classname="com.apple.carnival.ui.localinstall.LocalInstallHotfixNegativeTests"/>
</testsuite> <!-- com.apple.carnival.ui.localinstall.LocalInstallHotfixNegativeTests -->
