<?xml version="1.0" encoding="UTF-8"?>
<!-- Generated by org.testng.reporters.JUnitReportReporter -->
<testsuite hostname="harisha" name="com.apple.carnival.api.request.ApplicationHostsTests" tests="3" failures="0" timestamp="23 Feb 2015 20:01:40 GMT" time="0.671" errors="0">
  <testcase name="testGetHostsForISOpenMQPlainText" time="0.063" classname="com.apple.carnival.api.request.ApplicationHostsTests"/>
  <testcase name="testGetHostsForISOpenMQPlainText" time="0.549" classname="com.apple.carnival.api.request.ApplicationHostsTests"/>
  <testcase name="testGetHostsForISOpenMQPlainText" time="0.059" classname="com.apple.carnival.api.request.ApplicationHostsTests"/>
</testsuite> <!-- com.apple.carnival.api.request.ApplicationHostsTests -->
