<?xml version="1.0" encoding="UTF-8"?>
<!-- Generated by org.testng.reporters.JUnitReportReporter -->
<testsuite hostname="harisha" name="com.apple.carnival.filer.tests.FilerInstallTests" tests="2" failures="0" timestamp="5 Mar 2015 23:20:26 GMT" time="950.391" errors="0">
  <testcase name="installPackage" time="950.388" classname="com.apple.carnival.filer.tests.FilerInstallTests"/>
  <testcase name="init" time="0.003" classname="com.apple.carnival.filer.tests.FilerInstallTests"/>
</testsuite> <!-- com.apple.carnival.filer.tests.FilerInstallTests -->
