<?xml version="1.0" encoding="UTF-8"?>
<!-- Generated by org.testng.reporters.JUnitReportReporter -->
<testsuite hostname="harisha" name="com.apple.carnival.api.request.InstallPackgaeNegativeTests" tests="1" failures="0" timestamp="18 Feb 2015 08:21:26 GMT" time="8.933" errors="0">
  <testcase name="uninstallPackageWithOutPackageName" time="8.933" classname="com.apple.carnival.api.request.InstallPackgaeNegativeTests"/>
</testsuite> <!-- com.apple.carnival.api.request.InstallPackgaeNegativeTests -->
